<?xml version="1.0" ?>
<coverage branch-rate="1" line-rate="1" timestamp="1487726856932" version="4.1">
	<!-- Generated by coverage.py: https://coverage.readthedocs.io -->
	<!-- Based on https://raw.githubusercontent.com/cobertura/web/f0366e5e2cf18f111cbd61fc34ef720a6584ba02/htdocs/xml/coverage-03.dtd -->
	<sources>
		<source>/Users/gkno/Dropbox/PYTHON/mltoolbox</source>
		<source>/Users/gkno/Dropbox/PYTHON/mltoolbox/mltoolbox</source>
	</sources>
	<packages>
		<package branch-rate="1" complexity="0" line-rate="1" name="docs">
			<classes>
				<class branch-rate="1" complexity="0" filename="docs/conf.py" line-rate="1" name="conf.py">
					<methods/>
					<lines>
						<line hits="1" number="16"/>
						<line hits="1" number="17"/>
						<line hits="1" number="26"/>
						<line hits="1" number="27"/>
						<line hits="1" number="32"/>
						<line hits="1" number="34"/>
						<line hits="1" number="43"/>
						<line hits="1" number="46"/>
						<line hits="1" number="49"/>
						<line hits="1" number="55"/>
						<line hits="1" number="58"/>
						<line hits="1" number="59"/>
						<line hits="1" number="66"/>
						<line hits="1" number="68"/>
						<line hits="1" number="82"/>
						<line hits="1" number="100"/>
						<line hits="1" number="114"/>
						<line hits="1" number="145"/>
						<line hits="1" number="191"/>
						<line hits="1" number="196"/>
						<line hits="1" number="210"/>
						<line hits="1" number="241"/>
						<line hits="1" number="256"/>
					</lines>
				</class>
			</classes>
		</package>
		<package branch-rate="1" complexity="0" line-rate="1" name="mltoolbox">
			<classes>
				<class branch-rate="1" complexity="0" filename="mltoolbox/__init__.py" line-rate="1" name="__init__.py">
					<methods/>
					<lines>
						<line hits="1" number="3"/>
						<line hits="1" number="4"/>
						<line hits="1" number="5"/>
					</lines>
				</class>
				<class branch-rate="1" complexity="0" filename="mltoolbox/mltoolbox.py" line-rate="1" name="mltoolbox.py">
					<methods/>
					<lines/>
				</class>
			</classes>
		</package>
		<package branch-rate="1" complexity="0" line-rate="1" name="tests">
			<classes>
				<class branch-rate="1" complexity="0" filename="tests/__init__.py" line-rate="1" name="__init__.py">
					<methods/>
					<lines/>
				</class>
				<class branch-rate="1" complexity="0" filename="tests/test_mltoolbox.py" line-rate="1" name="test_mltoolbox.py">
					<methods/>
					<lines>
						<line hits="1" number="4"/>
						<line hits="1" number="11"/>
						<line hits="1" number="13"/>
						<line hits="1" number="16"/>
						<line hits="1" number="24"/>
						<line hits="1" number="27"/>
						<line hits="1" number="28"/>
					</lines>
				</class>
			</classes>
		</package>
	</packages>
</coverage>
